2024-09-01 13:07:19,180 ERROR 34036 [-/::1/-/1ms GET /saylo/getProjectQI] nodejs.TypeError: Cannot read properties of undefined (reading 'limit')
    at SayloService.getProjectQI (E:\workspace\egg-example\app\service\saylo.js:241:30)
    at SayloController.getProjectQI (E:\workspace\egg-example\app\controller\saylo.js:22:46)
    at Object.callFn (E:\workspace\egg-example\node_modules\egg-core\lib\utils\index.js:44:21)
    at Object.classControllerMiddleware (E:\workspace\egg-example\node_modules\egg-core\lib\loader\mixin\controller.js:87:20)
    at Object.callFn (E:\workspace\egg-example\node_modules\@eggjs\router\lib\utils.js:12:21)
    at wrappedController (E:\workspace\egg-example\node_modules\@eggjs\router\lib\egg_router.js:322:18)
    at dispatch (E:\workspace\egg-example\node_modules\@eggjs\router\node_modules\koa-compose\index.js:44:32)
    at next (E:\workspace\egg-example\node_modules\@eggjs\router\node_modules\koa-compose\index.js:45:18)
    at E:\workspace\egg-example\node_modules\@eggjs\router\lib\router.js:186:18
    at dispatch (E:\workspace\egg-example\node_modules\@eggjs\router\node_modules\koa-compose\index.js:44:32)

pid: 34036
hostname: DESKTOP-R22V4MU

2024-09-01 13:07:43,038 ERROR 19180 [-/::1/-/1ms GET /saylo/getProjectQI] nodejs.TypeError: Cannot read properties of undefined (reading 'limit')
    at SayloService.getProjectQI (E:\workspace\egg-example\app\service\saylo.js:241:30)
    at SayloController.getProjectQI (E:\workspace\egg-example\app\controller\saylo.js:22:46)
    at Object.callFn (E:\workspace\egg-example\node_modules\egg-core\lib\utils\index.js:44:21)
    at Object.classControllerMiddleware (E:\workspace\egg-example\node_modules\egg-core\lib\loader\mixin\controller.js:87:20)
    at Object.callFn (E:\workspace\egg-example\node_modules\@eggjs\router\lib\utils.js:12:21)
    at wrappedController (E:\workspace\egg-example\node_modules\@eggjs\router\lib\egg_router.js:322:18)
    at dispatch (E:\workspace\egg-example\node_modules\@eggjs\router\node_modules\koa-compose\index.js:44:32)
    at next (E:\workspace\egg-example\node_modules\@eggjs\router\node_modules\koa-compose\index.js:45:18)
    at E:\workspace\egg-example\node_modules\@eggjs\router\lib\router.js:186:18
    at dispatch (E:\workspace\egg-example\node_modules\@eggjs\router\node_modules\koa-compose\index.js:44:32)

pid: 19180
hostname: DESKTOP-R22V4MU

