2024-09-01 00:19:05,215 INFO 32172 [egg-schedule]: register schedule E:\workspace\egg-example\node_modules\egg-multipart\app\schedule\clean_tmpdir.js
2024-09-01 00:19:05,215 INFO 32172 [egg-schedule]: register schedule E:\workspace\egg-example\node_modules\egg-logrotator\app\schedule\clean_log.js
2024-09-01 00:19:05,215 INFO 32172 [egg-schedule]: register schedule E:\workspace\egg-example\node_modules\egg-logrotator\app\schedule\rotate_by_file.js
2024-09-01 00:19:36,018 INFO 35468 [egg-schedule]: register schedule E:\workspace\egg-example\node_modules\egg-multipart\app\schedule\clean_tmpdir.js
2024-09-01 00:19:36,018 INFO 35468 [egg-schedule]: register schedule E:\workspace\egg-example\node_modules\egg-logrotator\app\schedule\clean_log.js
2024-09-01 00:19:36,018 INFO 35468 [egg-schedule]: register schedule E:\workspace\egg-example\node_modules\egg-logrotator\app\schedule\rotate_by_file.js
2024-09-01 00:19:53,759 INFO 31280 [egg-schedule]: register schedule E:\workspace\egg-example\node_modules\egg-multipart\app\schedule\clean_tmpdir.js
2024-09-01 00:19:53,759 INFO 31280 [egg-schedule]: register schedule E:\workspace\egg-example\node_modules\egg-logrotator\app\schedule\clean_log.js
2024-09-01 00:19:53,759 INFO 31280 [egg-schedule]: register schedule E:\workspace\egg-example\node_modules\egg-logrotator\app\schedule\rotate_by_file.js
2024-09-01 00:24:13,911 INFO 32636 [egg-schedule]: register schedule E:\workspace\egg-example\node_modules\egg-multipart\app\schedule\clean_tmpdir.js
2024-09-01 00:24:13,912 INFO 32636 [egg-schedule]: register schedule E:\workspace\egg-example\node_modules\egg-logrotator\app\schedule\clean_log.js
2024-09-01 00:24:13,912 INFO 32636 [egg-schedule]: register schedule E:\workspace\egg-example\node_modules\egg-logrotator\app\schedule\rotate_by_file.js
2024-09-01 00:29:29,168 INFO 34896 [egg-schedule]: register schedule E:\workspace\egg-example\node_modules\egg-multipart\app\schedule\clean_tmpdir.js
2024-09-01 00:29:29,168 INFO 34896 [egg-schedule]: register schedule E:\workspace\egg-example\node_modules\egg-logrotator\app\schedule\clean_log.js
2024-09-01 00:29:29,168 INFO 34896 [egg-schedule]: register schedule E:\workspace\egg-example\node_modules\egg-logrotator\app\schedule\rotate_by_file.js
2024-09-01 11:45:46,859 INFO 10404 [Timer] E:\workspace\egg-example\node_modules\egg-multipart\app\schedule\clean_tmpdir.js next time will execute after 60253142ms at 2024-09-02 04:30:00.001
2024-09-01 11:45:46,859 INFO 10404 [Timer] E:\workspace\egg-example\node_modules\egg-logrotator\app\schedule\clean_log.js next time will execute after 44053141ms at 2024-09-02 00:00:00.000
2024-09-01 11:45:46,859 INFO 10404 [Timer] E:\workspace\egg-example\node_modules\egg-logrotator\app\schedule\rotate_by_file.js next time will execute after 44054141ms at 2024-09-02 00:00:01.000
2024-09-01 11:45:47,363 INFO 11024 [egg-schedule]: register schedule E:\workspace\egg-example\node_modules\egg-multipart\app\schedule\clean_tmpdir.js
2024-09-01 11:45:47,363 INFO 11024 [egg-schedule]: register schedule E:\workspace\egg-example\node_modules\egg-logrotator\app\schedule\clean_log.js
2024-09-01 11:45:47,363 INFO 11024 [egg-schedule]: register schedule E:\workspace\egg-example\node_modules\egg-logrotator\app\schedule\rotate_by_file.js
2024-09-01 11:49:17,958 INFO 28268 [egg-schedule]: register schedule E:\workspace\egg-example\node_modules\egg-multipart\app\schedule\clean_tmpdir.js
2024-09-01 11:49:17,958 INFO 28268 [egg-schedule]: register schedule E:\workspace\egg-example\node_modules\egg-logrotator\app\schedule\clean_log.js
2024-09-01 11:49:17,958 INFO 28268 [egg-schedule]: register schedule E:\workspace\egg-example\node_modules\egg-logrotator\app\schedule\rotate_by_file.js
2024-09-01 13:02:07,261 INFO 31984 [egg-schedule]: register schedule E:\workspace\egg-example\node_modules\egg-multipart\app\schedule\clean_tmpdir.js
2024-09-01 13:02:07,261 INFO 31984 [egg-schedule]: register schedule E:\workspace\egg-example\node_modules\egg-logrotator\app\schedule\clean_log.js
2024-09-01 13:02:07,262 INFO 31984 [egg-schedule]: register schedule E:\workspace\egg-example\node_modules\egg-logrotator\app\schedule\rotate_by_file.js
2024-09-01 13:05:06,895 INFO 30376 [egg-schedule]: register schedule E:\workspace\egg-example\node_modules\egg-multipart\app\schedule\clean_tmpdir.js
2024-09-01 13:05:06,895 INFO 30376 [egg-schedule]: register schedule E:\workspace\egg-example\node_modules\egg-logrotator\app\schedule\clean_log.js
2024-09-01 13:05:06,895 INFO 30376 [egg-schedule]: register schedule E:\workspace\egg-example\node_modules\egg-logrotator\app\schedule\rotate_by_file.js
2024-09-01 13:06:54,455 INFO 29280 [egg-schedule]: register schedule E:\workspace\egg-example\node_modules\egg-multipart\app\schedule\clean_tmpdir.js
2024-09-01 13:06:54,455 INFO 29280 [egg-schedule]: register schedule E:\workspace\egg-example\node_modules\egg-logrotator\app\schedule\clean_log.js
2024-09-01 13:06:54,455 INFO 29280 [egg-schedule]: register schedule E:\workspace\egg-example\node_modules\egg-logrotator\app\schedule\rotate_by_file.js
2024-09-01 13:07:15,850 INFO 34036 [egg-schedule]: register schedule E:\workspace\egg-example\node_modules\egg-multipart\app\schedule\clean_tmpdir.js
2024-09-01 13:07:15,850 INFO 34036 [egg-schedule]: register schedule E:\workspace\egg-example\node_modules\egg-logrotator\app\schedule\clean_log.js
2024-09-01 13:07:15,850 INFO 34036 [egg-schedule]: register schedule E:\workspace\egg-example\node_modules\egg-logrotator\app\schedule\rotate_by_file.js
2024-09-01 13:07:39,272 INFO 19180 [egg-schedule]: register schedule E:\workspace\egg-example\node_modules\egg-multipart\app\schedule\clean_tmpdir.js
2024-09-01 13:07:39,272 INFO 19180 [egg-schedule]: register schedule E:\workspace\egg-example\node_modules\egg-logrotator\app\schedule\clean_log.js
2024-09-01 13:07:39,272 INFO 19180 [egg-schedule]: register schedule E:\workspace\egg-example\node_modules\egg-logrotator\app\schedule\rotate_by_file.js
2024-09-01 13:08:04,742 INFO 34448 [egg-schedule]: register schedule E:\workspace\egg-example\node_modules\egg-multipart\app\schedule\clean_tmpdir.js
2024-09-01 13:08:04,742 INFO 34448 [egg-schedule]: register schedule E:\workspace\egg-example\node_modules\egg-logrotator\app\schedule\clean_log.js
2024-09-01 13:08:04,742 INFO 34448 [egg-schedule]: register schedule E:\workspace\egg-example\node_modules\egg-logrotator\app\schedule\rotate_by_file.js
2024-09-01 13:08:24,249 INFO 13376 [egg-schedule]: register schedule E:\workspace\egg-example\node_modules\egg-multipart\app\schedule\clean_tmpdir.js
2024-09-01 13:08:24,249 INFO 13376 [egg-schedule]: register schedule E:\workspace\egg-example\node_modules\egg-logrotator\app\schedule\clean_log.js
2024-09-01 13:08:24,249 INFO 13376 [egg-schedule]: register schedule E:\workspace\egg-example\node_modules\egg-logrotator\app\schedule\rotate_by_file.js
2024-09-01 13:08:45,101 INFO 30388 [egg-schedule]: register schedule E:\workspace\egg-example\node_modules\egg-multipart\app\schedule\clean_tmpdir.js
2024-09-01 13:08:45,101 INFO 30388 [egg-schedule]: register schedule E:\workspace\egg-example\node_modules\egg-logrotator\app\schedule\clean_log.js
2024-09-01 13:08:45,101 INFO 30388 [egg-schedule]: register schedule E:\workspace\egg-example\node_modules\egg-logrotator\app\schedule\rotate_by_file.js
2024-09-01 13:27:04,697 INFO 30252 [egg-schedule]: register schedule E:\workspace\egg-example\node_modules\egg-multipart\app\schedule\clean_tmpdir.js
2024-09-01 13:27:04,697 INFO 30252 [egg-schedule]: register schedule E:\workspace\egg-example\node_modules\egg-logrotator\app\schedule\clean_log.js
2024-09-01 13:27:04,697 INFO 30252 [egg-schedule]: register schedule E:\workspace\egg-example\node_modules\egg-logrotator\app\schedule\rotate_by_file.js
2024-09-01 13:30:01,764 INFO 30280 [egg-schedule]: register schedule E:\workspace\egg-example\node_modules\egg-multipart\app\schedule\clean_tmpdir.js
2024-09-01 13:30:01,764 INFO 30280 [egg-schedule]: register schedule E:\workspace\egg-example\node_modules\egg-logrotator\app\schedule\clean_log.js
2024-09-01 13:30:01,764 INFO 30280 [egg-schedule]: register schedule E:\workspace\egg-example\node_modules\egg-logrotator\app\schedule\rotate_by_file.js
2024-09-01 13:37:37,611 INFO 26456 [egg-schedule]: register schedule E:\workspace\egg-example\node_modules\egg-multipart\app\schedule\clean_tmpdir.js
2024-09-01 13:37:37,611 INFO 26456 [egg-schedule]: register schedule E:\workspace\egg-example\node_modules\egg-logrotator\app\schedule\clean_log.js
2024-09-01 13:37:37,611 INFO 26456 [egg-schedule]: register schedule E:\workspace\egg-example\node_modules\egg-logrotator\app\schedule\rotate_by_file.js
2024-09-03 10:53:59,004 INFO 43188 [Timer] E:\workspace\egg-example\node_modules\egg-multipart\app\schedule\clean_tmpdir.js next time will execute after 63360997ms at 2024-09-04 04:30:00.001
2024-09-03 10:53:59,004 INFO 43188 [Timer] E:\workspace\egg-example\node_modules\egg-logrotator\app\schedule\clean_log.js next time will execute after 47160996ms at 2024-09-04 00:00:00.000
2024-09-03 10:53:59,004 INFO 43188 [Timer] E:\workspace\egg-example\node_modules\egg-logrotator\app\schedule\rotate_by_file.js next time will execute after 47161996ms at 2024-09-04 00:00:01.000
2024-09-03 10:53:59,336 INFO 43916 [egg-schedule]: register schedule E:\workspace\egg-example\node_modules\egg-multipart\app\schedule\clean_tmpdir.js
2024-09-03 10:53:59,336 INFO 43916 [egg-schedule]: register schedule E:\workspace\egg-example\node_modules\egg-logrotator\app\schedule\clean_log.js
2024-09-03 10:53:59,336 INFO 43916 [egg-schedule]: register schedule E:\workspace\egg-example\node_modules\egg-logrotator\app\schedule\rotate_by_file.js
2024-09-03 12:13:01,696 INFO 119900 [egg-schedule]: register schedule E:\workspace\egg-example\node_modules\egg-multipart\app\schedule\clean_tmpdir.js
2024-09-03 12:13:01,696 INFO 119900 [egg-schedule]: register schedule E:\workspace\egg-example\node_modules\egg-logrotator\app\schedule\clean_log.js
2024-09-03 12:13:01,696 INFO 119900 [egg-schedule]: register schedule E:\workspace\egg-example\node_modules\egg-logrotator\app\schedule\rotate_by_file.js
2024-09-03 13:13:44,389 INFO 151164 [egg-schedule]: register schedule E:\workspace\egg-example\node_modules\egg-multipart\app\schedule\clean_tmpdir.js
2024-09-03 13:13:44,389 INFO 151164 [egg-schedule]: register schedule E:\workspace\egg-example\node_modules\egg-logrotator\app\schedule\clean_log.js
2024-09-03 13:13:44,389 INFO 151164 [egg-schedule]: register schedule E:\workspace\egg-example\node_modules\egg-logrotator\app\schedule\rotate_by_file.js
2024-09-03 13:22:10,985 INFO 156440 [egg-schedule]: register schedule E:\workspace\egg-example\node_modules\egg-multipart\app\schedule\clean_tmpdir.js
2024-09-03 13:22:10,985 INFO 156440 [egg-schedule]: register schedule E:\workspace\egg-example\node_modules\egg-logrotator\app\schedule\clean_log.js
2024-09-03 13:22:10,985 INFO 156440 [egg-schedule]: register schedule E:\workspace\egg-example\node_modules\egg-logrotator\app\schedule\rotate_by_file.js
2024-09-03 13:22:44,904 INFO 155492 [egg-schedule]: register schedule E:\workspace\egg-example\node_modules\egg-multipart\app\schedule\clean_tmpdir.js
2024-09-03 13:22:44,904 INFO 155492 [egg-schedule]: register schedule E:\workspace\egg-example\node_modules\egg-logrotator\app\schedule\clean_log.js
2024-09-03 13:22:44,904 INFO 155492 [egg-schedule]: register schedule E:\workspace\egg-example\node_modules\egg-logrotator\app\schedule\rotate_by_file.js
2024-09-03 13:23:19,094 INFO 156372 [egg-schedule]: register schedule E:\workspace\egg-example\node_modules\egg-multipart\app\schedule\clean_tmpdir.js
2024-09-03 13:23:19,094 INFO 156372 [egg-schedule]: register schedule E:\workspace\egg-example\node_modules\egg-logrotator\app\schedule\clean_log.js
2024-09-03 13:23:19,094 INFO 156372 [egg-schedule]: register schedule E:\workspace\egg-example\node_modules\egg-logrotator\app\schedule\rotate_by_file.js
2024-09-03 13:23:43,095 INFO 155776 [egg-schedule]: register schedule E:\workspace\egg-example\node_modules\egg-multipart\app\schedule\clean_tmpdir.js
2024-09-03 13:23:43,095 INFO 155776 [egg-schedule]: register schedule E:\workspace\egg-example\node_modules\egg-logrotator\app\schedule\clean_log.js
2024-09-03 13:23:43,095 INFO 155776 [egg-schedule]: register schedule E:\workspace\egg-example\node_modules\egg-logrotator\app\schedule\rotate_by_file.js
